2016-10-18 04:42:52,631 [Worker-5] INFO  o.e.m.c.i.l.LifecycleMappingFactory - Using org.maven.ide.eclipse.wtp.EarLifecycleMapping lifecycle mapping for MavenProject: edu.stevens.cs548:ClinicApp:1.0.0 @ D:\J2EE\workspace\CS548\Assignment5-Code\Assignment5-Code\ClinicApp\pom.xml.
2016-10-18 04:42:53,423 [Worker-5] INFO  o.e.m.c.i.l.LifecycleMappingFactory - Using org.eclipse.m2e.jdt.JarLifecycleMapping lifecycle mapping for MavenProject: edu.stevens.cs548:ClinicDomain:1.0.0 @ D:\J2EE\workspace\CS548\Assignment5-Code\Assignment5-Code\ClinicDomain\pom.xml.
2016-10-18 04:42:53,469 [Worker-5] INFO  o.e.m.c.i.l.LifecycleMappingFactory - Using org.maven.ide.eclipse.wtp.EjbLifecycleMapping lifecycle mapping for MavenProject: edu.stevens.cs548:ClinicInit:1.0.0 @ D:\J2EE\workspace\CS548\Assignment5-Code\Assignment5-Code\ClinicInit\pom.xml.
2016-10-18 04:42:53,481 [Worker-5] INFO  o.e.m.c.i.l.LifecycleMappingFactory - Using NULL lifecycle mapping for MavenProject: edu.stevens.cs548:ClinicRoot:1.0.0 @ D:\J2EE\workspace\CS548\Assignment5-Code\Assignment5-Code\ClinicRoot\pom.xml.
2016-10-18 04:42:54,842 [Worker-5] INFO  o.e.m.c.i.embedder.EclipseLogger - Generating application.xml
2016-10-18 04:42:57,310 [Worker-10] INFO  o.e.m.c.i.embedder.EclipseLogger - Using 'UTF-8' encoding to copy filtered resources.
2016-10-18 04:42:57,310 [Worker-10] INFO  o.e.m.c.i.embedder.EclipseLogger - skip non existing resourceDirectory D:\J2EE\workspace\CS548\Assignment5-Code\Assignment5-Code\ClinicApp\src\main\resources
2016-10-18 04:42:57,796 [Worker-10] INFO  o.e.m.c.i.embedder.EclipseLogger - Using 'UTF-8' encoding to copy filtered resources.
2016-10-18 04:42:57,801 [Worker-10] INFO  o.e.m.c.i.embedder.EclipseLogger - Copying 2 resources
2016-10-18 04:42:57,842 [Worker-10] INFO  o.e.m.c.i.embedder.EclipseLogger - Copying 2 resources
2016-10-18 04:42:57,848 [Worker-10] INFO  o.e.m.c.i.embedder.EclipseLogger - Using 'UTF-8' encoding to copy filtered resources.
2016-10-18 04:42:57,848 [Worker-10] INFO  o.e.m.c.i.embedder.EclipseLogger - skip non existing resourceDirectory D:\J2EE\workspace\CS548\Assignment5-Code\Assignment5-Code\ClinicDomain\src\test\resources
2016-10-18 04:42:58,225 [Worker-10] INFO  o.e.m.c.i.embedder.EclipseLogger - Using 'UTF-8' encoding to copy filtered resources.
2016-10-18 04:42:58,225 [Worker-10] INFO  o.e.m.c.i.embedder.EclipseLogger - Copying 4 resources
2016-10-18 04:42:58,232 [Worker-10] INFO  o.e.m.c.i.embedder.EclipseLogger - Using 'UTF-8' encoding to copy filtered resources.
2016-10-18 04:42:58,232 [Worker-10] INFO  o.e.m.c.i.embedder.EclipseLogger - skip non existing resourceDirectory D:\J2EE\workspace\CS548\Assignment5-Code\Assignment5-Code\ClinicInit\src\test\resources
2016-10-31 08:51:28,979 [Worker-16] INFO  o.e.m.c.i.embedder.EclipseLogger - Using 'UTF-8' encoding to copy filtered resources.
2016-10-31 08:51:28,993 [Worker-16] INFO  o.e.m.c.i.embedder.EclipseLogger - skip non existing resourceDirectory D:\J2EE\workspace\CS548\Assignment5-Code\Assignment5-Code\ClinicApp\src\main\resources
2016-10-31 08:51:29,619 [Worker-16] INFO  o.e.m.c.i.embedder.EclipseLogger - Using 'UTF-8' encoding to copy filtered resources.
2016-10-31 08:51:29,625 [Worker-16] INFO  o.e.m.c.i.embedder.EclipseLogger - Copying 2 resources
2016-10-31 08:51:29,634 [Worker-16] INFO  o.e.m.c.i.embedder.EclipseLogger - Copying 2 resources
2016-10-31 08:51:29,638 [Worker-16] INFO  o.e.m.c.i.embedder.EclipseLogger - Using 'UTF-8' encoding to copy filtered resources.
2016-10-31 08:51:29,639 [Worker-16] INFO  o.e.m.c.i.embedder.EclipseLogger - skip non existing resourceDirectory D:\J2EE\workspace\CS548\Assignment5-Code\Assignment5-Code\ClinicDomain\src\test\resources
2016-10-31 08:51:30,312 [Worker-18] INFO  o.e.m.c.i.embedder.EclipseLogger - Using 'UTF-8' encoding to copy filtered resources.
2016-10-31 08:51:30,314 [Worker-18] INFO  o.e.m.c.i.embedder.EclipseLogger - Copying 4 resources
2016-10-31 08:51:30,320 [Worker-18] INFO  o.e.m.c.i.embedder.EclipseLogger - Using 'UTF-8' encoding to copy filtered resources.
2016-10-31 08:51:30,321 [Worker-18] INFO  o.e.m.c.i.embedder.EclipseLogger - skip non existing resourceDirectory D:\J2EE\workspace\CS548\Assignment5-Code\Assignment5-Code\ClinicInit\src\test\resources
2016-10-31 08:51:56,951 [Worker-18] INFO  o.e.m.c.i.embedder.EclipseLogger - Using 'UTF-8' encoding to copy filtered resources.
2016-10-31 08:51:56,953 [Worker-18] INFO  o.e.m.c.i.embedder.EclipseLogger - Copying 0 resource
2016-10-31 08:51:56,953 [Worker-18] INFO  o.e.m.c.i.embedder.EclipseLogger - Copying 0 resource
2016-10-31 08:51:56,954 [Worker-18] INFO  o.e.m.c.i.embedder.EclipseLogger - Using 'UTF-8' encoding to copy filtered resources.
2016-10-31 08:51:56,954 [Worker-18] INFO  o.e.m.c.i.embedder.EclipseLogger - skip non existing resourceDirectory D:\J2EE\workspace\CS548\Assignment5-Code\Assignment5-Code\ClinicDomain\src\test\resources
2016-10-31 08:51:56,961 [Worker-18] INFO  o.e.m.c.i.embedder.EclipseLogger - Using 'UTF-8' encoding to copy filtered resources.
2016-10-31 08:51:56,961 [Worker-18] INFO  o.e.m.c.i.embedder.EclipseLogger - Copying 0 resource
2016-10-31 08:51:56,962 [Worker-18] INFO  o.e.m.c.i.embedder.EclipseLogger - Using 'UTF-8' encoding to copy filtered resources.
2016-10-31 08:51:56,962 [Worker-18] INFO  o.e.m.c.i.embedder.EclipseLogger - skip non existing resourceDirectory D:\J2EE\workspace\CS548\Assignment5-Code\Assignment5-Code\ClinicInit\src\test\resources
2016-10-31 08:52:00,810 [Worker-16] INFO  o.e.m.c.i.embedder.EclipseLogger - Using 'UTF-8' encoding to copy filtered resources.
2016-10-31 08:52:00,814 [Worker-16] INFO  o.e.m.c.i.embedder.EclipseLogger - Copying 2 resources
2016-10-31 08:52:00,817 [Worker-16] INFO  o.e.m.c.i.embedder.EclipseLogger - Copying 2 resources
2016-10-31 08:52:00,820 [Worker-16] INFO  o.e.m.c.i.embedder.EclipseLogger - Using 'UTF-8' encoding to copy filtered resources.
2016-10-31 08:52:00,821 [Worker-16] INFO  o.e.m.c.i.embedder.EclipseLogger - skip non existing resourceDirectory D:\J2EE\workspace\CS548\Assignment5-Code\Assignment5-Code\ClinicDomain\src\test\resources
2016-10-31 11:19:06,159 [Worker-8] INFO  o.e.m.c.i.embedder.EclipseLogger - Using 'UTF-8' encoding to copy filtered resources.
2016-10-31 11:19:06,189 [Worker-8] INFO  o.e.m.c.i.embedder.EclipseLogger - Copying 2 resources
2016-10-31 11:19:06,208 [Worker-8] INFO  o.e.m.c.i.embedder.EclipseLogger - Copying 2 resources
2016-10-31 11:19:06,214 [Worker-8] INFO  o.e.m.c.i.embedder.EclipseLogger - Using 'UTF-8' encoding to copy filtered resources.
2016-10-31 11:19:06,215 [Worker-8] INFO  o.e.m.c.i.embedder.EclipseLogger - skip non existing resourceDirectory D:\J2EE\workspace\CS548\Assignment5-Code\Assignment5-Code\ClinicDomain\src\test\resources
2016-10-31 11:25:10,349 [Worker-1] INFO  o.e.m.c.i.embedder.EclipseLogger - Using 'UTF-8' encoding to copy filtered resources.
2016-10-31 11:25:10,350 [Worker-1] INFO  o.e.m.c.i.embedder.EclipseLogger - Copying 4 resources
2016-10-31 11:25:10,352 [Worker-1] INFO  o.e.m.c.i.embedder.EclipseLogger - Using 'UTF-8' encoding to copy filtered resources.
2016-10-31 11:25:10,352 [Worker-1] INFO  o.e.m.c.i.embedder.EclipseLogger - skip non existing resourceDirectory D:\J2EE\workspace\CS548\Assignment5-Code\Assignment5-Code\ClinicInit\src\test\resources
