2016-10-19 02:14:53,527 [Worker-24] INFO  o.e.m.c.i.l.LifecycleMappingFactory - Using org.eclipse.m2e.jdt.JarLifecycleMapping lifecycle mapping for MavenProject: edu.stevens.cs548:ClinicDomain:1.0.0 @ D:\J2EE\workspace\CS548\A6-code2\ClinicDomain\pom.xml.
2016-10-19 02:14:54,353 [Worker-24] INFO  o.e.m.c.i.embedder.EclipseLogger - Using 'UTF-8' encoding to copy filtered resources.
2016-10-19 02:14:54,357 [Worker-24] INFO  o.e.m.c.i.embedder.EclipseLogger - Copying 2 resources
2016-10-19 02:14:54,365 [Worker-24] INFO  o.e.m.c.i.embedder.EclipseLogger - Copying 2 resources
2016-10-19 02:14:54,369 [Worker-24] INFO  o.e.m.c.i.embedder.EclipseLogger - Using 'UTF-8' encoding to copy filtered resources.
2016-10-19 02:14:54,370 [Worker-24] INFO  o.e.m.c.i.embedder.EclipseLogger - skip non existing resourceDirectory D:\J2EE\workspace\CS548\A6-code2\ClinicDomain\src\test\resources
2016-10-19 02:14:55,157 [Worker-21] INFO  o.e.m.c.i.l.LifecycleMappingFactory - Using org.eclipse.m2e.jdt.JarLifecycleMapping lifecycle mapping for MavenProject: edu.stevens.cs548:ClinicDomain:1.0.0 @ D:\J2EE\workspace\CS548\A6-code2\ClinicDomain\pom.xml.
2016-10-19 02:14:57,632 [Worker-21] INFO  o.e.m.c.i.embedder.EclipseLogger - Using 'UTF-8' encoding to copy filtered resources.
2016-10-19 02:14:57,635 [Worker-21] INFO  o.e.m.c.i.embedder.EclipseLogger - Copying 2 resources
2016-10-19 02:14:57,645 [Worker-21] INFO  o.e.m.c.i.embedder.EclipseLogger - Copying 2 resources
2016-10-19 02:14:57,649 [Worker-21] INFO  o.e.m.c.i.embedder.EclipseLogger - Using 'UTF-8' encoding to copy filtered resources.
2016-10-19 02:14:57,649 [Worker-21] INFO  o.e.m.c.i.embedder.EclipseLogger - skip non existing resourceDirectory D:\J2EE\workspace\CS548\A6-code2\ClinicDomain\src\test\resources
2016-10-19 02:16:31,979 [Worker-24] INFO  o.e.m.c.i.embedder.EclipseLogger - Using 'UTF-8' encoding to copy filtered resources.
2016-10-19 02:16:31,980 [Worker-24] INFO  o.e.m.c.i.embedder.EclipseLogger - Copying 0 resource
2016-10-19 02:16:31,980 [Worker-24] INFO  o.e.m.c.i.embedder.EclipseLogger - Copying 0 resource
2016-10-19 02:16:31,980 [Worker-24] INFO  o.e.m.c.i.embedder.EclipseLogger - Using 'UTF-8' encoding to copy filtered resources.
2016-10-19 02:16:31,980 [Worker-24] INFO  o.e.m.c.i.embedder.EclipseLogger - skip non existing resourceDirectory D:\J2EE\workspace\CS548\A6-code2\ClinicDomain\src\test\resources
2016-10-19 02:16:45,543 [Worker-24] INFO  o.e.m.c.i.embedder.EclipseLogger - Using 'UTF-8' encoding to copy filtered resources.
2016-10-19 02:16:45,543 [Worker-24] INFO  o.e.m.c.i.embedder.EclipseLogger - Copying 0 resource
2016-10-19 02:16:45,544 [Worker-24] INFO  o.e.m.c.i.embedder.EclipseLogger - Copying 0 resource
2016-10-19 02:16:45,544 [Worker-24] INFO  o.e.m.c.i.embedder.EclipseLogger - Using 'UTF-8' encoding to copy filtered resources.
2016-10-19 02:16:45,545 [Worker-24] INFO  o.e.m.c.i.embedder.EclipseLogger - skip non existing resourceDirectory D:\J2EE\workspace\CS548\A6-code2\ClinicDomain\src\test\resources
2016-10-19 02:16:58,198 [Worker-22] INFO  o.e.m.c.i.embedder.EclipseLogger - Using 'UTF-8' encoding to copy filtered resources.
2016-10-19 02:16:58,199 [Worker-22] INFO  o.e.m.c.i.embedder.EclipseLogger - Copying 0 resource
2016-10-19 02:16:58,199 [Worker-22] INFO  o.e.m.c.i.embedder.EclipseLogger - Copying 0 resource
2016-10-19 02:16:58,200 [Worker-22] INFO  o.e.m.c.i.embedder.EclipseLogger - Using 'UTF-8' encoding to copy filtered resources.
2016-10-19 02:16:58,200 [Worker-22] INFO  o.e.m.c.i.embedder.EclipseLogger - skip non existing resourceDirectory D:\J2EE\workspace\CS548\A6-code2\ClinicDomain\src\test\resources
2016-10-19 02:17:02,605 [Worker-22] INFO  o.e.m.c.i.embedder.EclipseLogger - Using 'UTF-8' encoding to copy filtered resources.
2016-10-19 02:17:02,606 [Worker-22] INFO  o.e.m.c.i.embedder.EclipseLogger - Copying 2 resources
2016-10-19 02:17:02,609 [Worker-22] INFO  o.e.m.c.i.embedder.EclipseLogger - Copying 2 resources
2016-10-19 02:17:02,612 [Worker-22] INFO  o.e.m.c.i.embedder.EclipseLogger - Using 'UTF-8' encoding to copy filtered resources.
2016-10-19 02:17:02,612 [Worker-22] INFO  o.e.m.c.i.embedder.EclipseLogger - skip non existing resourceDirectory D:\J2EE\workspace\CS548\A6-code2\ClinicDomain\src\test\resources
2016-10-24 12:50:32,051 [Worker-7] INFO  o.e.m.c.i.embedder.EclipseLogger - Using 'UTF-8' encoding to copy filtered resources.
2016-10-24 12:50:32,094 [Worker-7] INFO  o.e.m.c.i.embedder.EclipseLogger - Copying 2 resources
2016-10-24 12:50:32,100 [Worker-7] INFO  o.e.m.c.i.embedder.EclipseLogger - Copying 2 resources
2016-10-24 12:50:32,102 [Worker-7] INFO  o.e.m.c.i.embedder.EclipseLogger - Using 'UTF-8' encoding to copy filtered resources.
2016-10-24 12:50:32,103 [Worker-7] INFO  o.e.m.c.i.embedder.EclipseLogger - skip non existing resourceDirectory D:\J2EE\workspace\CS548\A6-code2\ClinicDomain\src\test\resources
2016-11-15 11:20:46,050 [Worker-11] INFO  o.e.m.c.i.embedder.EclipseLogger - Using 'UTF-8' encoding to copy filtered resources.
2016-11-15 11:20:46,071 [Worker-11] INFO  o.e.m.c.i.embedder.EclipseLogger - Copying 2 resources
2016-11-15 11:20:46,076 [Worker-11] INFO  o.e.m.c.i.embedder.EclipseLogger - Copying 2 resources
2016-11-15 11:20:46,078 [Worker-11] INFO  o.e.m.c.i.embedder.EclipseLogger - Using 'UTF-8' encoding to copy filtered resources.
2016-11-15 11:20:46,078 [Worker-11] INFO  o.e.m.c.i.embedder.EclipseLogger - skip non existing resourceDirectory D:\J2EE\workspace\CS548\A6-code2\ClinicDomain\src\test\resources
