2016-10-15 01:34:55,129 [Worker-37] ERROR o.e.m.i.l.MavenConsoleLineTracker - Launch configuration JAXB Schema Gen Run Config at file:/D:/J2EE/workspace/CS548/A6-code/.metadata/.plugins/org.eclipse.debug.core/.launches/JAXB%20Schema%20Gen%20Run%20Config.launch does not exist.
org.eclipse.debug.core.DebugException: Launch configuration JAXB Schema Gen Run Config at file:/D:/J2EE/workspace/CS548/A6-code/.metadata/.plugins/org.eclipse.debug.core/.launches/JAXB%20Schema%20Gen%20Run%20Config.launch does not exist.
	at org.eclipse.debug.internal.core.LaunchManager.createDebugException(LaunchManager.java:925) ~[org.eclipse.debug.core_3.10.100.v20160419-1720.jar:na]
	at org.eclipse.debug.internal.core.LaunchManager.getInfo(LaunchManager.java:1395) ~[org.eclipse.debug.core_3.10.100.v20160419-1720.jar:na]
	at org.eclipse.debug.internal.core.LaunchConfiguration.getInfo(LaunchConfiguration.java:470) ~[org.eclipse.debug.core_3.10.100.v20160419-1720.jar:na]
	at org.eclipse.debug.internal.core.LaunchConfiguration.getType(LaunchConfiguration.java:640) ~[org.eclipse.debug.core_3.10.100.v20160419-1720.jar:na]
	at org.eclipse.m2e.internal.launch.MavenConsoleLineTracker.isMavenProcess(MavenConsoleLineTracker.java:142) [org.eclipse.m2e.launching_1.7.0.20160603-1933.jar:na]
	at org.eclipse.m2e.internal.launch.MavenConsoleLineTracker.lineAppended(MavenConsoleLineTracker.java:85) [org.eclipse.m2e.launching_1.7.0.20160603-1933.jar:na]
	at org.eclipse.debug.internal.ui.views.console.ConsoleLineNotifier.lineAppended(ConsoleLineNotifier.java:130) [org.eclipse.debug.ui_3.11.200.v20160518-1858.jar:na]
	at org.eclipse.debug.internal.ui.views.console.ConsoleLineNotifier.matchFound(ConsoleLineNotifier.java:122) [org.eclipse.debug.ui_3.11.200.v20160518-1858.jar:na]
	at org.eclipse.ui.internal.console.ConsolePatternMatcher$MatchJob.run(ConsolePatternMatcher.java:137) [org.eclipse.ui.console_3.6.200.v20160518-1858.jar:na]
	at org.eclipse.core.internal.jobs.Worker.run(Worker.java:55) [org.eclipse.core.jobs_3.8.0.v20160509-0411.jar:na]
2016-10-16 02:56:39,284 [Worker-49] ERROR o.e.m.i.l.MavenConsoleLineTracker - Launch configuration JAXB Run Config at file:/D:/J2EE/workspace/CS548/A6-code/.metadata/.plugins/org.eclipse.debug.core/.launches/JAXB%20Run%20Config.launch does not exist.
org.eclipse.debug.core.DebugException: Launch configuration JAXB Run Config at file:/D:/J2EE/workspace/CS548/A6-code/.metadata/.plugins/org.eclipse.debug.core/.launches/JAXB%20Run%20Config.launch does not exist.
	at org.eclipse.debug.internal.core.LaunchManager.createDebugException(LaunchManager.java:925) ~[org.eclipse.debug.core_3.10.100.v20160419-1720.jar:na]
	at org.eclipse.debug.internal.core.LaunchManager.getInfo(LaunchManager.java:1395) ~[org.eclipse.debug.core_3.10.100.v20160419-1720.jar:na]
	at org.eclipse.debug.internal.core.LaunchConfiguration.getInfo(LaunchConfiguration.java:470) ~[org.eclipse.debug.core_3.10.100.v20160419-1720.jar:na]
	at org.eclipse.debug.internal.core.LaunchConfiguration.getType(LaunchConfiguration.java:640) ~[org.eclipse.debug.core_3.10.100.v20160419-1720.jar:na]
	at org.eclipse.m2e.internal.launch.MavenConsoleLineTracker.isMavenProcess(MavenConsoleLineTracker.java:142) [org.eclipse.m2e.launching_1.7.0.20160603-1933.jar:na]
	at org.eclipse.m2e.internal.launch.MavenConsoleLineTracker.lineAppended(MavenConsoleLineTracker.java:85) [org.eclipse.m2e.launching_1.7.0.20160603-1933.jar:na]
	at org.eclipse.debug.internal.ui.views.console.ConsoleLineNotifier.lineAppended(ConsoleLineNotifier.java:130) [org.eclipse.debug.ui_3.11.200.v20160518-1858.jar:na]
	at org.eclipse.debug.internal.ui.views.console.ConsoleLineNotifier.matchFound(ConsoleLineNotifier.java:122) [org.eclipse.debug.ui_3.11.200.v20160518-1858.jar:na]
	at org.eclipse.ui.internal.console.ConsolePatternMatcher$MatchJob.run(ConsolePatternMatcher.java:137) [org.eclipse.ui.console_3.6.200.v20160518-1858.jar:na]
	at org.eclipse.core.internal.jobs.Worker.run(Worker.java:55) [org.eclipse.core.jobs_3.8.0.v20160509-0411.jar:na]
2016-10-17 11:04:41,040 [Worker-146] ERROR o.e.m.i.l.MavenConsoleLineTracker - Launch configuration JAXB Schema Gen Run Config at file:/D:/J2EE/workspace/CS548/A6-code/.metadata/.plugins/org.eclipse.debug.core/.launches/JAXB%20Schema%20Gen%20Run%20Config.launch does not exist.
org.eclipse.debug.core.DebugException: Launch configuration JAXB Schema Gen Run Config at file:/D:/J2EE/workspace/CS548/A6-code/.metadata/.plugins/org.eclipse.debug.core/.launches/JAXB%20Schema%20Gen%20Run%20Config.launch does not exist.
	at org.eclipse.debug.internal.core.LaunchManager.createDebugException(LaunchManager.java:925) ~[org.eclipse.debug.core_3.10.100.v20160419-1720.jar:na]
	at org.eclipse.debug.internal.core.LaunchManager.getInfo(LaunchManager.java:1395) ~[org.eclipse.debug.core_3.10.100.v20160419-1720.jar:na]
	at org.eclipse.debug.internal.core.LaunchConfiguration.getInfo(LaunchConfiguration.java:470) ~[org.eclipse.debug.core_3.10.100.v20160419-1720.jar:na]
	at org.eclipse.debug.internal.core.LaunchConfiguration.getType(LaunchConfiguration.java:640) ~[org.eclipse.debug.core_3.10.100.v20160419-1720.jar:na]
	at org.eclipse.m2e.internal.launch.MavenConsoleLineTracker.isMavenProcess(MavenConsoleLineTracker.java:142) [org.eclipse.m2e.launching_1.7.0.20160603-1933.jar:na]
	at org.eclipse.m2e.internal.launch.MavenConsoleLineTracker.lineAppended(MavenConsoleLineTracker.java:85) [org.eclipse.m2e.launching_1.7.0.20160603-1933.jar:na]
	at org.eclipse.debug.internal.ui.views.console.ConsoleLineNotifier.lineAppended(ConsoleLineNotifier.java:130) [org.eclipse.debug.ui_3.11.200.v20160518-1858.jar:na]
	at org.eclipse.debug.internal.ui.views.console.ConsoleLineNotifier.matchFound(ConsoleLineNotifier.java:122) [org.eclipse.debug.ui_3.11.200.v20160518-1858.jar:na]
	at org.eclipse.ui.internal.console.ConsolePatternMatcher$MatchJob.run(ConsolePatternMatcher.java:137) [org.eclipse.ui.console_3.6.200.v20160518-1858.jar:na]
	at org.eclipse.core.internal.jobs.Worker.run(Worker.java:55) [org.eclipse.core.jobs_3.8.0.v20160509-0411.jar:na]
2016-10-17 11:07:37,128 [Worker-154] INFO  o.e.m.c.i.l.LifecycleMappingFactory - Using org.maven.ide.eclipse.wtp.EjbLifecycleMapping lifecycle mapping for MavenProject: edu.stevens.cs548:ClinicInit:1.0.0 @ D:\J2EE\workspace\CS548\A6-code\ClinicInit\pom.xml.
2016-10-17 11:07:37,639 [Worker-154] INFO  o.e.m.c.i.e.AbstractTransferListenerAdapter - Downloaded https://repo.maven.apache.org/maven2/edu/stevens/cs548/ClinicServiceClient/1.0.0/ClinicServiceClient-1.0.0.pom
2016-10-17 11:07:37,642 [Worker-154] WARN  o.e.m.c.i.embedder.EclipseLogger - The POM for edu.stevens.cs548:ClinicServiceClient:jar:1.0.0 is missing, no dependency information available
2016-10-17 11:07:37,812 [Worker-154] INFO  o.e.m.c.i.e.AbstractTransferListenerAdapter - Downloaded https://repo.maven.apache.org/maven2/edu/stevens/cs548/ClinicServiceClient/1.0.0/ClinicServiceClient-1.0.0.jar
2016-10-17 11:07:38,574 [Worker-154] INFO  o.e.m.c.i.embedder.EclipseLogger - Using 'UTF-8' encoding to copy filtered resources.
2016-10-17 11:07:38,579 [Worker-154] INFO  o.e.m.c.i.embedder.EclipseLogger - Copying 4 resources
2016-10-17 11:07:38,592 [Worker-154] INFO  o.e.m.c.i.embedder.EclipseLogger - Using 'UTF-8' encoding to copy filtered resources.
2016-10-17 11:07:38,592 [Worker-154] INFO  o.e.m.c.i.embedder.EclipseLogger - skip non existing resourceDirectory D:\J2EE\workspace\CS548\A6-code\ClinicInit\src\test\resources
2016-10-17 11:07:38,987 [Worker-156] WARN  o.e.m.c.i.embedder.EclipseLogger - The POM for edu.stevens.cs548:ClinicServiceClient:jar:1.0.0 is missing, no dependency information available
2016-10-17 11:07:39,204 [Worker-152] INFO  o.e.m.c.i.l.LifecycleMappingFactory - Using org.maven.ide.eclipse.wtp.EjbLifecycleMapping lifecycle mapping for MavenProject: edu.stevens.cs548:ClinicInit:1.0.0 @ D:\J2EE\workspace\CS548\A6-code\ClinicInit\pom.xml.
2016-10-17 11:07:39,234 [Worker-152] WARN  o.e.m.c.i.embedder.EclipseLogger - The POM for edu.stevens.cs548:ClinicServiceClient:jar:1.0.0 is missing, no dependency information available
2016-10-17 11:07:39,248 [Worker-152] INFO  o.e.m.c.i.l.LifecycleMappingFactory - Using NULL lifecycle mapping for MavenProject: edu.stevens.cs548:ClinicRoot:1.0.0 @ D:\J2EE\workspace\CS548\A6-code\ClinicRoot\pom.xml.
2016-10-17 11:07:39,333 [Worker-156] INFO  o.e.m.c.i.embedder.EclipseLogger - Using 'UTF-8' encoding to copy filtered resources.
2016-10-17 11:07:39,335 [Worker-156] INFO  o.e.m.c.i.embedder.EclipseLogger - Copying 0 resource
2016-10-17 11:07:39,338 [Worker-156] INFO  o.e.m.c.i.embedder.EclipseLogger - Using 'UTF-8' encoding to copy filtered resources.
2016-10-17 11:07:39,339 [Worker-156] INFO  o.e.m.c.i.embedder.EclipseLogger - skip non existing resourceDirectory D:\J2EE\workspace\CS548\A6-code\ClinicInit\src\test\resources
2016-10-17 11:07:40,039 [Worker-156] WARN  o.e.m.c.i.embedder.EclipseLogger - The POM for edu.stevens.cs548:ClinicServiceClient:jar:1.0.0 is missing, no dependency information available
2016-10-17 11:07:40,048 [Worker-156] INFO  o.e.m.c.i.embedder.EclipseLogger - Using 'UTF-8' encoding to copy filtered resources.
2016-10-17 11:07:40,050 [Worker-156] INFO  o.e.m.c.i.embedder.EclipseLogger - Copying 4 resources
2016-10-17 11:07:40,055 [Worker-156] INFO  o.e.m.c.i.embedder.EclipseLogger - Using 'UTF-8' encoding to copy filtered resources.
2016-10-17 11:07:40,056 [Worker-156] INFO  o.e.m.c.i.embedder.EclipseLogger - skip non existing resourceDirectory D:\J2EE\workspace\CS548\A6-code\ClinicInit\src\test\resources
2016-10-17 11:11:06,162 [Worker-163] INFO  o.e.m.c.i.l.LifecycleMappingFactory - Using org.maven.ide.eclipse.wtp.EjbLifecycleMapping lifecycle mapping for MavenProject: edu.stevens.cs548:ClinicInit:1.0.0 @ D:\J2EE\workspace\CS548\A6-code\ClinicInit\pom.xml.
2016-10-17 11:11:06,185 [Worker-163] WARN  o.e.m.c.i.embedder.EclipseLogger - The POM for edu.stevens.cs548:ClinicServiceClient:jar:1.0.0 is missing, no dependency information available
2016-10-17 11:11:06,195 [Worker-163] INFO  o.e.m.c.i.l.LifecycleMappingFactory - Using NULL lifecycle mapping for MavenProject: edu.stevens.cs548:ClinicRoot:1.0.0 @ D:\J2EE\workspace\CS548\A6-code\ClinicRoot\pom.xml.
2016-10-17 11:11:06,685 [Worker-163] INFO  o.e.m.j.i.AbstractJavaProjectConfigurator - Adding source folder /ClinicInit/ejbModule
2016-10-17 11:11:06,686 [Worker-163] INFO  o.e.m.j.i.AbstractJavaProjectConfigurator - Resources folder /ClinicInit/ejbModule overlaps with sources folder /ClinicInit/ejbModule
2016-10-17 11:11:06,686 [Worker-163] INFO  o.e.m.j.i.AbstractJavaProjectConfigurator - Adding source folder /ClinicInit/src/test/java
2016-10-17 11:11:06,760 [Worker-163] INFO  o.e.m.c.i.p.ProjectConfigurationManager - Imported and configured 2 project(s) in 0 sec
2016-10-17 11:11:07,111 [Worker-153] WARN  o.e.m.c.i.embedder.EclipseLogger - The POM for edu.stevens.cs548:ClinicServiceClient:jar:1.0.0 is missing, no dependency information available
2016-10-17 11:11:07,133 [Worker-153] INFO  o.e.m.c.i.embedder.EclipseLogger - Using 'UTF-8' encoding to copy filtered resources.
2016-10-17 11:11:07,134 [Worker-153] INFO  o.e.m.c.i.embedder.EclipseLogger - Copying 4 resources
2016-10-17 11:11:07,142 [Worker-153] INFO  o.e.m.c.i.embedder.EclipseLogger - Using 'UTF-8' encoding to copy filtered resources.
2016-10-17 11:11:07,142 [Worker-153] INFO  o.e.m.c.i.embedder.EclipseLogger - skip non existing resourceDirectory D:\J2EE\workspace\CS548\A6-code\ClinicInit\src\test\resources
2016-10-18 15:47:04,851 [Worker-25] INFO  o.e.m.c.i.l.LifecycleMappingFactory - Using org.eclipse.m2e.jdt.JarLifecycleMapping lifecycle mapping for MavenProject: edu.stevens.cs548:ClinicDomain:1.0.0 @ D:\J2EE\workspace\CS548\A6-code\ClinicDomain\pom.xml.
2016-10-18 15:47:04,938 [Worker-28] INFO  o.e.m.c.i.l.LifecycleMappingFactory - Using org.eclipse.m2e.jdt.JarLifecycleMapping lifecycle mapping for MavenProject: edu.stevens.cs548:ClinicDomain:1.0.0 @ D:\J2EE\workspace\CS548\A6-code\ClinicDomain\pom.xml.
2016-10-18 15:47:05,828 [Worker-28] INFO  o.e.m.c.i.embedder.EclipseLogger - Using 'UTF-8' encoding to copy filtered resources.
2016-10-18 15:47:05,835 [Worker-28] INFO  o.e.m.c.i.embedder.EclipseLogger - Copying 2 resources
2016-10-18 15:47:05,851 [Worker-28] INFO  o.e.m.c.i.embedder.EclipseLogger - Copying 2 resources
2016-10-18 15:47:05,858 [Worker-28] INFO  o.e.m.c.i.embedder.EclipseLogger - Using 'UTF-8' encoding to copy filtered resources.
2016-10-18 15:47:05,858 [Worker-28] INFO  o.e.m.c.i.embedder.EclipseLogger - skip non existing resourceDirectory D:\J2EE\workspace\CS548\A6-code\ClinicDomain\src\test\resources
2016-10-18 15:47:06,545 [Worker-21] INFO  o.e.m.c.i.l.LifecycleMappingFactory - Using org.eclipse.m2e.jdt.JarLifecycleMapping lifecycle mapping for MavenProject: edu.stevens.cs548:ClinicDomain:1.0.0 @ D:\J2EE\workspace\CS548\A6-code\ClinicDomain\pom.xml.
2016-10-18 15:47:08,072 [Worker-26] INFO  o.e.m.c.i.embedder.EclipseLogger - Using 'UTF-8' encoding to copy filtered resources.
2016-10-18 15:47:08,076 [Worker-26] INFO  o.e.m.c.i.embedder.EclipseLogger - Copying 2 resources
2016-10-18 15:47:08,089 [Worker-26] INFO  o.e.m.c.i.embedder.EclipseLogger - Copying 2 resources
2016-10-18 15:47:08,095 [Worker-26] INFO  o.e.m.c.i.embedder.EclipseLogger - Using 'UTF-8' encoding to copy filtered resources.
2016-10-18 15:47:08,098 [Worker-26] INFO  o.e.m.c.i.embedder.EclipseLogger - skip non existing resourceDirectory D:\J2EE\workspace\CS548\A6-code\ClinicDomain\src\test\resources
2016-10-19 00:35:57,790 [Worker-7] INFO  o.e.m.c.i.embedder.EclipseLogger - Using 'UTF-8' encoding to copy filtered resources.
2016-10-19 00:35:57,879 [Worker-7] INFO  o.e.m.c.i.embedder.EclipseLogger - Copying 2 resources
2016-10-19 00:35:57,900 [Worker-7] INFO  o.e.m.c.i.embedder.EclipseLogger - Copying 2 resources
2016-10-19 00:35:57,902 [Worker-7] INFO  o.e.m.c.i.embedder.EclipseLogger - Using 'UTF-8' encoding to copy filtered resources.
2016-10-19 00:35:57,902 [Worker-7] INFO  o.e.m.c.i.embedder.EclipseLogger - skip non existing resourceDirectory D:\J2EE\workspace\CS548\A6-code\ClinicDomain\src\test\resources
2016-10-19 00:38:14,581 [Worker-32] INFO  o.e.m.c.i.embedder.EclipseLogger - Using 'UTF-8' encoding to copy filtered resources.
2016-10-19 00:38:14,590 [Worker-32] INFO  o.e.m.c.i.embedder.EclipseLogger - Copying 2 resources
2016-10-19 00:38:14,593 [Worker-32] INFO  o.e.m.c.i.embedder.EclipseLogger - Copying 2 resources
2016-10-19 00:38:14,597 [Worker-32] INFO  o.e.m.c.i.embedder.EclipseLogger - Using 'UTF-8' encoding to copy filtered resources.
2016-10-19 00:38:14,598 [Worker-32] INFO  o.e.m.c.i.embedder.EclipseLogger - skip non existing resourceDirectory D:\J2EE\workspace\CS548\A6-code\ClinicDomain\src\test\resources
2016-10-19 00:38:21,227 [Worker-37] INFO  o.e.m.c.i.embedder.EclipseLogger - Using 'UTF-8' encoding to copy filtered resources.
2016-10-19 00:38:21,228 [Worker-37] INFO  o.e.m.c.i.embedder.EclipseLogger - Copying 2 resources
2016-10-19 00:38:21,229 [Worker-37] INFO  o.e.m.c.i.embedder.EclipseLogger - Copying 2 resources
2016-10-19 00:38:21,231 [Worker-37] INFO  o.e.m.c.i.embedder.EclipseLogger - Using 'UTF-8' encoding to copy filtered resources.
2016-10-19 00:38:21,231 [Worker-37] INFO  o.e.m.c.i.embedder.EclipseLogger - skip non existing resourceDirectory D:\J2EE\workspace\CS548\A6-code\ClinicDomain\src\test\resources
2016-10-19 00:38:56,752 [Worker-35] INFO  o.e.m.c.i.embedder.EclipseLogger - Using 'UTF-8' encoding to copy filtered resources.
2016-10-19 00:38:56,753 [Worker-35] INFO  o.e.m.c.i.embedder.EclipseLogger - Copying 2 resources
2016-10-19 00:38:56,755 [Worker-35] INFO  o.e.m.c.i.embedder.EclipseLogger - Copying 2 resources
2016-10-19 00:38:56,758 [Worker-35] INFO  o.e.m.c.i.embedder.EclipseLogger - Using 'UTF-8' encoding to copy filtered resources.
2016-10-19 00:38:56,758 [Worker-35] INFO  o.e.m.c.i.embedder.EclipseLogger - skip non existing resourceDirectory D:\J2EE\workspace\CS548\A6-code\ClinicDomain\src\test\resources
